This file contains any messages produced by compilers while
running configure, to aid debugging if configure makes a mistake.

It was created by libtins configure 1.3, which was
generated by GNU Autoconf 2.63.  Invocation command line was

  $ ./configure --no-create --no-recursion

## --------- ##
## Platform. ##
## --------- ##

hostname = localhost.localdomain
uname -m = i686
uname -r = 2.6.32-431.23.3.el6.i686
uname -s = Linux
uname -v = #1 SMP Thu Jul 31 14:37:53 UTC 2014

/usr/bin/uname -p = unknown
/bin/uname -X     = unknown

/bin/arch              = i686
/usr/bin/arch -k       = unknown
/usr/convex/getsysinfo = unknown
/usr/bin/hostinfo      = unknown
/bin/machine           = unknown
/usr/bin/oslevel       = unknown
/bin/universe          = unknown

PATH: /usr/local/bin
PATH: /usr/bin
PATH: /bin
PATH: /usr/local/sbin
PATH: /usr/sbin
PATH: /sbin
PATH: /home/dev/bin


## ----------- ##
## Core tests. ##
## ----------- ##

configure:1972: checking build system type
configure:1990: result: i686-pc-linux-gnu
configure:2012: checking host system type
configure:2027: result: i686-pc-linux-gnu
configure:2049: checking target system type
configure:2064: result: i686-pc-linux-gnu
configure:2110: checking for a BSD-compatible install
configure:2178: result: /usr/bin/install -c
configure:2189: checking whether build environment is sane
configure:2249: result: yes
configure:2390: checking for a thread-safe mkdir -p
configure:2429: result: /bin/mkdir -p
configure:2442: checking for gawk
configure:2458: found /usr/bin/gawk
configure:2469: result: gawk
configure:2480: checking whether make sets $(MAKE)
configure:2502: result: yes
configure:2630: checking how to print strings
configure:2657: result: printf
configure:2690: checking for style of include used by make
configure:2718: result: GNU
configure:2788: checking for gcc
configure:2804: found /usr/bin/gcc
configure:2815: result: gcc
configure:3047: checking for C compiler version
configure:3055: gcc --version >&5
gcc (GCC) 4.4.7 20120313 (Red Hat 4.4.7-4)
Copyright (C) 2010 Free Software Foundation, Inc.
This is free software; see the source for copying conditions.  There is NO
warranty; not even for MERCHANTABILITY or FITNESS FOR A PARTICULAR PURPOSE.

configure:3059: $? = 0
configure:3066: gcc -v >&5
Using built-in specs.
Target: i686-redhat-linux
Configured with: ../configure --prefix=/usr --mandir=/usr/share/man --infodir=/usr/share/info --with-bugurl=http://bugzilla.redhat.com/bugzilla --enable-bootstrap --enable-shared --enable-threads=posix --enable-checking=release --with-system-zlib --enable-__cxa_atexit --disable-libunwind-exceptions --enable-gnu-unique-object --enable-languages=c,c++,objc,obj-c++,java,fortran,ada --enable-java-awt=gtk --disable-dssi --with-java-home=/usr/lib/jvm/java-1.5.0-gcj-1.5.0.0/jre --enable-libgcj-multifile --enable-java-maintainer-mode --with-ecj-jar=/usr/share/java/eclipse-ecj.jar --disable-libjava-multilib --with-ppl --with-cloog --with-tune=generic --with-arch=i686 --build=i686-redhat-linux
Thread model: posix
gcc version 4.4.7 20120313 (Red Hat 4.4.7-4) (GCC) 
configure:3070: $? = 0
configure:3077: gcc -V >&5
gcc: '-V' option must have argument
configure:3081: $? = 1
configure:3104: checking for C compiler default output file name
configure:3126: gcc    conftest.c  >&5
configure:3130: $? = 0
configure:3168: result: a.out
configure:3187: checking whether the C compiler works
configure:3197: ./a.out
configure:3201: $? = 0
configure:3220: result: yes
configure:3227: checking whether we are cross compiling
configure:3229: result: no
configure:3232: checking for suffix of executables
configure:3239: gcc -o conftest    conftest.c  >&5
configure:3243: $? = 0
configure:3269: result: 
configure:3275: checking for suffix of object files
configure:3301: gcc -c   conftest.c >&5
configure:3305: $? = 0
configure:3330: result: o
configure:3334: checking whether we are using the GNU C compiler
configure:3363: gcc -c   conftest.c >&5
configure:3370: $? = 0
configure:3387: result: yes
configure:3396: checking whether gcc accepts -g
configure:3426: gcc -c -g  conftest.c >&5
configure:3433: $? = 0
configure:3534: result: yes
configure:3551: checking for gcc option to accept ISO C89
configure:3625: gcc  -c -g -O2  conftest.c >&5
configure:3632: $? = 0
configure:3655: result: none needed
configure:3675: checking dependency style of gcc
configure:3785: result: gcc3
configure:3800: checking for a sed that does not truncate output
configure:3866: result: /bin/sed
configure:3884: checking for grep that handles long lines and -e
configure:3944: result: /bin/grep
configure:3949: checking for egrep
configure:4013: result: /bin/grep -E
configure:4018: checking for fgrep
configure:4082: result: /bin/grep -F
configure:4117: checking for ld used by gcc
configure:4184: result: /usr/bin/ld
configure:4193: checking if the linker (/usr/bin/ld) is GNU ld
configure:4208: result: yes
configure:4220: checking for BSD- or MS-compatible name lister (nm)
configure:4269: result: /usr/bin/nm -B
configure:4399: checking the name lister (/usr/bin/nm -B) interface
configure:4406: gcc -c -g -O2  conftest.c >&5
configure:4409: /usr/bin/nm -B "conftest.o"
configure:4412: output
00000000 B some_variable
configure:4419: result: BSD nm
configure:4422: checking whether ln -s works
configure:4426: result: yes
configure:4434: checking the maximum length of command line arguments
configure:4564: result: 1966080
configure:4581: checking whether the shell understands some XSI constructs
configure:4591: result: yes
configure:4595: checking whether the shell understands "+="
configure:4601: result: yes
configure:4636: checking how to convert i686-pc-linux-gnu file names to i686-pc-linux-gnu format
configure:4676: result: func_convert_file_noop
configure:4683: checking how to convert i686-pc-linux-gnu file names to toolchain format
configure:4703: result: func_convert_file_noop
configure:4710: checking for /usr/bin/ld option to reload object files
configure:4717: result: -r
configure:4791: checking for objdump
configure:4807: found /usr/bin/objdump
configure:4818: result: objdump
configure:4850: checking how to recognize dependent libraries
configure:5052: result: pass_all
configure:5137: checking for dlltool
configure:5167: result: no
configure:5197: checking how to associate runtime and link libraries
configure:5224: result: printf %s\n
configure:5285: checking for ar
configure:5301: found /usr/bin/ar
configure:5312: result: ar
configure:5349: checking for archiver @FILE support
configure:5376: gcc -c -g -O2  conftest.c >&5
configure:5383: $? = 0
configure:5390: ar cru libconftest.a @conftest.lst >&5
configure:5393: $? = 0
configure:5398: ar cru libconftest.a @conftest.lst >&5
ar: conftest.o: No such file or directory
configure:5401: $? = 1
configure:5419: result: @
configure:5477: checking for strip
configure:5493: found /usr/bin/strip
configure:5504: result: strip
configure:5576: checking for ranlib
configure:5592: found /usr/bin/ranlib
configure:5603: result: ranlib
configure:5705: checking command to parse /usr/bin/nm -B output from gcc object
configure:5825: gcc -c -g -O2  conftest.c >&5
configure:5828: $? = 0
configure:5832: /usr/bin/nm -B conftest.o \| sed -n -e 's/^.*[ ]\([ABCDGIRSTW][ABCDGIRSTW]*\)[ ][ ]*\([_A-Za-z][_A-Za-z0-9]*\)$/\1 \2 \2/p' | sed '/ __gnu_lto/d' \> conftest.nm
configure:5835: $? = 0
configure:5901: gcc -o conftest -g -O2   conftest.c conftstm.o >&5
configure:5904: $? = 0
configure:5942: result: ok
configure:5979: checking for sysroot
configure:6011: result: no
configure:6296: checking for mt
configure:6326: result: no
configure:6346: checking if : is a manifest tool
configure:6352: : '-?'
configure:6360: result: no
configure:7031: checking how to run the C preprocessor
configure:7071: gcc -E  conftest.c
configure:7078: $? = 0
configure:7109: gcc -E  conftest.c
conftest.c:10:28: error: ac_nonexistent.h: No such file or directory
configure:7116: $? = 1
configure: failed program was:
| /* confdefs.h.  */
| #define PACKAGE_NAME "libtins"
| #define PACKAGE_TARNAME "libtins"
| #define PACKAGE_VERSION "1.3"
| #define PACKAGE_STRING "libtins 1.3"
| #define PACKAGE_BUGREPORT "matias.fontanini@gmail.com"
| #define PACKAGE "libtins"
| #define VERSION "1.3"
| /* end confdefs.h.  */
| #include <ac_nonexistent.h>
configure:7149: result: gcc -E
configure:7178: gcc -E  conftest.c
configure:7185: $? = 0
configure:7216: gcc -E  conftest.c
conftest.c:10:28: error: ac_nonexistent.h: No such file or directory
configure:7223: $? = 1
configure: failed program was:
| /* confdefs.h.  */
| #define PACKAGE_NAME "libtins"
| #define PACKAGE_TARNAME "libtins"
| #define PACKAGE_VERSION "1.3"
| #define PACKAGE_STRING "libtins 1.3"
| #define PACKAGE_BUGREPORT "matias.fontanini@gmail.com"
| #define PACKAGE "libtins"
| #define VERSION "1.3"
| /* end confdefs.h.  */
| #include <ac_nonexistent.h>
configure:7263: checking for ANSI C header files
configure:7293: gcc -c -g -O2  conftest.c >&5
configure:7300: $? = 0
configure:7399: gcc -o conftest -g -O2   conftest.c  >&5
configure:7403: $? = 0
configure:7409: ./conftest
configure:7413: $? = 0
configure:7431: result: yes
configure:7455: checking for sys/types.h
configure:7476: gcc -c -g -O2  conftest.c >&5
configure:7483: $? = 0
configure:7500: result: yes
configure:7455: checking for sys/stat.h
configure:7476: gcc -c -g -O2  conftest.c >&5
configure:7483: $? = 0
configure:7500: result: yes
configure:7455: checking for stdlib.h
configure:7476: gcc -c -g -O2  conftest.c >&5
configure:7483: $? = 0
configure:7500: result: yes
configure:7455: checking for string.h
configure:7476: gcc -c -g -O2  conftest.c >&5
configure:7483: $? = 0
configure:7500: result: yes
configure:7455: checking for memory.h
configure:7476: gcc -c -g -O2  conftest.c >&5
configure:7483: $? = 0
configure:7500: result: yes
configure:7455: checking for strings.h
configure:7476: gcc -c -g -O2  conftest.c >&5
configure:7483: $? = 0
configure:7500: result: yes
configure:7455: checking for inttypes.h
configure:7476: gcc -c -g -O2  conftest.c >&5
configure:7483: $? = 0
configure:7500: result: yes
configure:7455: checking for stdint.h
configure:7476: gcc -c -g -O2  conftest.c >&5
configure:7483: $? = 0
configure:7500: result: yes
configure:7455: checking for unistd.h
configure:7476: gcc -c -g -O2  conftest.c >&5
configure:7483: $? = 0
configure:7500: result: yes
configure:7518: checking for dlfcn.h
configure:7539: gcc -c -g -O2  conftest.c >&5
configure:7546: $? = 0
configure:7563: result: yes
configure:7770: checking for objdir
configure:7785: result: .libs
configure:8056: checking if gcc supports -fno-rtti -fno-exceptions
configure:8074: gcc -c -g -O2  -fno-rtti -fno-exceptions conftest.c >&5
cc1: warning: command line option "-fno-rtti" is valid for C++/ObjC++ but not for C
configure:8078: $? = 0
configure:8091: result: no
configure:8418: checking for gcc option to produce PIC
configure:8425: result: -fPIC -DPIC
configure:8433: checking if gcc PIC flag -fPIC -DPIC works
configure:8451: gcc -c -g -O2  -fPIC -DPIC -DPIC conftest.c >&5
configure:8455: $? = 0
configure:8468: result: yes
configure:8497: checking if gcc static flag -static works
configure:8525: result: no
configure:8540: checking if gcc supports -c -o file.o
configure:8561: gcc -c -g -O2  -o out/conftest2.o conftest.c >&5
configure:8565: $? = 0
configure:8587: result: yes
configure:8595: checking if gcc supports -c -o file.o
configure:8642: result: yes
configure:8675: checking whether the gcc linker (/usr/bin/ld) supports shared libraries
configure:9923: result: yes
configure:9960: checking whether -lc should be explicitly linked in
configure:9968: gcc -c -g -O2  conftest.c >&5
configure:9971: $? = 0
configure:9986: gcc -shared  -fPIC -DPIC conftest.o  -v -Wl,-soname -Wl,conftest -o conftest 2\>\&1 \| /bin/grep  -lc  \>/dev/null 2\>\&1
configure:9989: $? = 0
configure:10003: result: no
configure:10163: checking dynamic linker characteristics
configure:10684: gcc -o conftest -g -O2   -Wl,-rpath -Wl,/foo conftest.c  >&5
configure:10691: $? = 0
configure:10940: result: GNU/Linux ld.so
configure:11047: checking how to hardcode library paths into programs
configure:11072: result: immediate
configure:11925: checking whether stripping libraries is possible
configure:11930: result: yes
configure:11965: checking if libtool supports shared libraries
configure:11967: result: yes
configure:11970: checking whether to build shared libraries
configure:11991: result: yes
configure:11994: checking whether to build static libraries
configure:11998: result: no
configure:12037: checking whether to disable maintainer-specific portions of Makefiles
configure:12046: result: yes
configure:12118: checking for g++
configure:12134: found /usr/bin/g++
configure:12145: result: g++
configure:12172: checking for C++ compiler version
configure:12180: g++ --version >&5
g++ (GCC) 4.4.7 20120313 (Red Hat 4.4.7-4)
Copyright (C) 2010 Free Software Foundation, Inc.
This is free software; see the source for copying conditions.  There is NO
warranty; not even for MERCHANTABILITY or FITNESS FOR A PARTICULAR PURPOSE.

configure:12184: $? = 0
configure:12191: g++ -v >&5
Using built-in specs.
Target: i686-redhat-linux
Configured with: ../configure --prefix=/usr --mandir=/usr/share/man --infodir=/usr/share/info --with-bugurl=http://bugzilla.redhat.com/bugzilla --enable-bootstrap --enable-shared --enable-threads=posix --enable-checking=release --with-system-zlib --enable-__cxa_atexit --disable-libunwind-exceptions --enable-gnu-unique-object --enable-languages=c,c++,objc,obj-c++,java,fortran,ada --enable-java-awt=gtk --disable-dssi --with-java-home=/usr/lib/jvm/java-1.5.0-gcj-1.5.0.0/jre --enable-libgcj-multifile --enable-java-maintainer-mode --with-ecj-jar=/usr/share/java/eclipse-ecj.jar --disable-libjava-multilib --with-ppl --with-cloog --with-tune=generic --with-arch=i686 --build=i686-redhat-linux
Thread model: posix
gcc version 4.4.7 20120313 (Red Hat 4.4.7-4) (GCC) 
configure:12195: $? = 0
configure:12202: g++ -V >&5
g++: '-V' option must have argument
configure:12206: $? = 1
configure:12209: checking whether we are using the GNU C++ compiler
configure:12238: g++ -c   conftest.cpp >&5
configure:12245: $? = 0
configure:12262: result: yes
configure:12271: checking whether g++ accepts -g
configure:12301: g++ -c -g  conftest.cpp >&5
configure:12308: $? = 0
configure:12409: result: yes
configure:12434: checking dependency style of g++
configure:12544: result: gcc3
configure:12577: checking how to run the C++ preprocessor
configure:12613: g++ -E  conftest.cpp
configure:12620: $? = 0
configure:12651: g++ -E  conftest.cpp
conftest.cpp:22:28: error: ac_nonexistent.h: No such file or directory
configure:12658: $? = 1
configure: failed program was:
| /* confdefs.h.  */
| #define PACKAGE_NAME "libtins"
| #define PACKAGE_TARNAME "libtins"
| #define PACKAGE_VERSION "1.3"
| #define PACKAGE_STRING "libtins 1.3"
| #define PACKAGE_BUGREPORT "matias.fontanini@gmail.com"
| #define PACKAGE "libtins"
| #define VERSION "1.3"
| #define STDC_HEADERS 1
| #define HAVE_SYS_TYPES_H 1
| #define HAVE_SYS_STAT_H 1
| #define HAVE_STDLIB_H 1
| #define HAVE_STRING_H 1
| #define HAVE_MEMORY_H 1
| #define HAVE_STRINGS_H 1
| #define HAVE_INTTYPES_H 1
| #define HAVE_STDINT_H 1
| #define HAVE_UNISTD_H 1
| #define HAVE_DLFCN_H 1
| #define LT_OBJDIR ".libs/"
| /* end confdefs.h.  */
| #include <ac_nonexistent.h>
configure:12691: result: g++ -E
configure:12720: g++ -E  conftest.cpp
configure:12727: $? = 0
configure:12758: g++ -E  conftest.cpp
conftest.cpp:22:28: error: ac_nonexistent.h: No such file or directory
configure:12765: $? = 1
configure: failed program was:
| /* confdefs.h.  */
| #define PACKAGE_NAME "libtins"
| #define PACKAGE_TARNAME "libtins"
| #define PACKAGE_VERSION "1.3"
| #define PACKAGE_STRING "libtins 1.3"
| #define PACKAGE_BUGREPORT "matias.fontanini@gmail.com"
| #define PACKAGE "libtins"
| #define VERSION "1.3"
| #define STDC_HEADERS 1
| #define HAVE_SYS_TYPES_H 1
| #define HAVE_SYS_STAT_H 1
| #define HAVE_STDLIB_H 1
| #define HAVE_STRING_H 1
| #define HAVE_MEMORY_H 1
| #define HAVE_STRINGS_H 1
| #define HAVE_INTTYPES_H 1
| #define HAVE_STDINT_H 1
| #define HAVE_UNISTD_H 1
| #define HAVE_DLFCN_H 1
| #define LT_OBJDIR ".libs/"
| /* end confdefs.h.  */
| #include <ac_nonexistent.h>
configure:12945: checking for ld used by g++
configure:13012: result: /usr/bin/ld
configure:13021: checking if the linker (/usr/bin/ld) is GNU ld
configure:13036: result: yes
configure:13091: checking whether the g++ linker (/usr/bin/ld) supports shared libraries
configure:14158: result: yes
configure:14194: g++ -c -g -O2  conftest.cpp >&5
configure:14197: $? = 0
configure:14717: checking for g++ option to produce PIC
configure:14724: result: -fPIC -DPIC
configure:14732: checking if g++ PIC flag -fPIC -DPIC works
configure:14750: g++ -c -g -O2  -fPIC -DPIC -DPIC conftest.cpp >&5
configure:14754: $? = 0
configure:14767: result: yes
configure:14790: checking if g++ static flag -static works
configure:14818: result: no
configure:14830: checking if g++ supports -c -o file.o
configure:14851: g++ -c -g -O2  -o out/conftest2.o conftest.cpp >&5
configure:14855: $? = 0
configure:14877: result: yes
configure:14882: checking if g++ supports -c -o file.o
configure:14929: result: yes
configure:14959: checking whether the g++ linker (/usr/bin/ld) supports shared libraries
configure:14998: result: yes
configure:15139: checking dynamic linker characteristics
configure:15850: result: GNU/Linux ld.so
configure:15903: checking how to hardcode library paths into programs
configure:15928: result: immediate
configure:15994: checking for pcap_loop in -lpcap
configure:16029: g++ -o conftest -g -O2   conftest.cpp -lpcap   >&5
configure:16036: $? = 0
configure:16057: result: yes
configure:16096: checking pcap.h usability
configure:16113: g++ -c -g -O2  conftest.cpp >&5
configure:16120: $? = 0
configure:16134: result: yes
configure:16138: checking pcap.h presence
configure:16153: g++ -E  conftest.cpp
configure:16160: $? = 0
configure:16174: result: yes
configure:16207: checking for pcap.h
configure:16216: result: yes
configure:16463: checking openssl/evp.h usability
configure:16480: g++ -c -g -O2  conftest.cpp >&5
configure:16487: $? = 0
configure:16501: result: yes
configure:16505: checking openssl/evp.h presence
configure:16520: g++ -E  conftest.cpp
configure:16527: $? = 0
configure:16541: result: yes
configure:16574: checking for openssl/evp.h
configure:16583: result: yes
configure:16463: checking openssl/hmac.h usability
configure:16480: g++ -c -g -O2  conftest.cpp >&5
configure:16487: $? = 0
configure:16501: result: yes
configure:16505: checking openssl/hmac.h presence
configure:16520: g++ -E  conftest.cpp
configure:16527: $? = 0
configure:16541: result: yes
configure:16574: checking for openssl/hmac.h
configure:16583: result: yes
configure:16463: checking openssl/aes.h usability
configure:16480: g++ -c -g -O2  conftest.cpp >&5
configure:16487: $? = 0
configure:16501: result: yes
configure:16505: checking openssl/aes.h presence
configure:16520: g++ -E  conftest.cpp
configure:16527: $? = 0
configure:16541: result: yes
configure:16574: checking for openssl/aes.h
configure:16583: result: yes
configure:16609: checking for PKCS5_PBKDF2_HMAC_SHA1 in -lcrypto
configure:16644: g++ -o conftest -g -O2   conftest.cpp -lcrypto  -lpcap  >&5
configure:16651: $? = 0
configure:16672: result: yes
configure:16845: creating ./config.status

## ---------------- ##
## Cache variables. ##
## ---------------- ##

ac_cv_build=i686-pc-linux-gnu
ac_cv_c_compiler_gnu=yes
ac_cv_cxx_compiler_gnu=yes
ac_cv_env_CCC_set=
ac_cv_env_CCC_value=
ac_cv_env_CC_set=
ac_cv_env_CC_value=
ac_cv_env_CFLAGS_set=
ac_cv_env_CFLAGS_value=
ac_cv_env_CPPFLAGS_set=
ac_cv_env_CPPFLAGS_value=
ac_cv_env_CPP_set=
ac_cv_env_CPP_value=
ac_cv_env_CXXCPP_set=
ac_cv_env_CXXCPP_value=
ac_cv_env_CXXFLAGS_set=
ac_cv_env_CXXFLAGS_value=
ac_cv_env_CXX_set=
ac_cv_env_CXX_value=
ac_cv_env_LDFLAGS_set=
ac_cv_env_LDFLAGS_value=
ac_cv_env_LIBS_set=
ac_cv_env_LIBS_value=
ac_cv_env_build_alias_set=
ac_cv_env_build_alias_value=
ac_cv_env_host_alias_set=
ac_cv_env_host_alias_value=
ac_cv_env_target_alias_set=
ac_cv_env_target_alias_value=
ac_cv_header_dlfcn_h=yes
ac_cv_header_inttypes_h=yes
ac_cv_header_memory_h=yes
ac_cv_header_openssl_aes_h=yes
ac_cv_header_openssl_evp_h=yes
ac_cv_header_openssl_hmac_h=yes
ac_cv_header_pcap_h=yes
ac_cv_header_stdc=yes
ac_cv_header_stdint_h=yes
ac_cv_header_stdlib_h=yes
ac_cv_header_string_h=yes
ac_cv_header_strings_h=yes
ac_cv_header_sys_stat_h=yes
ac_cv_header_sys_types_h=yes
ac_cv_header_unistd_h=yes
ac_cv_host=i686-pc-linux-gnu
ac_cv_lib_crypto_PKCS5_PBKDF2_HMAC_SHA1=yes
ac_cv_lib_pcap_pcap_loop=yes
ac_cv_objext=o
ac_cv_path_EGREP='/bin/grep -E'
ac_cv_path_FGREP='/bin/grep -F'
ac_cv_path_GREP=/bin/grep
ac_cv_path_SED=/bin/sed
ac_cv_path_install='/usr/bin/install -c'
ac_cv_path_mkdir=/bin/mkdir
ac_cv_prog_AWK=gawk
ac_cv_prog_CPP='gcc -E'
ac_cv_prog_CXXCPP='g++ -E'
ac_cv_prog_ac_ct_AR=ar
ac_cv_prog_ac_ct_CC=gcc
ac_cv_prog_ac_ct_CXX=g++
ac_cv_prog_ac_ct_OBJDUMP=objdump
ac_cv_prog_ac_ct_RANLIB=ranlib
ac_cv_prog_ac_ct_STRIP=strip
ac_cv_prog_cc_c89=
ac_cv_prog_cc_g=yes
ac_cv_prog_cxx_g=yes
ac_cv_prog_make_make_set=yes
ac_cv_target=i686-pc-linux-gnu
am_cv_CC_dependencies_compiler_type=gcc3
am_cv_CXX_dependencies_compiler_type=gcc3
lt_cv_ar_at_file=@
lt_cv_archive_cmds_need_lc=no
lt_cv_deplibs_check_method=pass_all
lt_cv_file_magic_cmd='$MAGIC_CMD'
lt_cv_file_magic_test_file=
lt_cv_ld_reload_flag=-r
lt_cv_nm_interface='BSD nm'
lt_cv_objdir=.libs
lt_cv_path_LD=/usr/bin/ld
lt_cv_path_LDCXX=/usr/bin/ld
lt_cv_path_NM='/usr/bin/nm -B'
lt_cv_path_mainfest_tool=no
lt_cv_prog_compiler_c_o=yes
lt_cv_prog_compiler_c_o_CXX=yes
lt_cv_prog_compiler_pic='-fPIC -DPIC'
lt_cv_prog_compiler_pic_CXX='-fPIC -DPIC'
lt_cv_prog_compiler_pic_works=yes
lt_cv_prog_compiler_pic_works_CXX=yes
lt_cv_prog_compiler_rtti_exceptions=no
lt_cv_prog_compiler_static_works=no
lt_cv_prog_compiler_static_works_CXX=no
lt_cv_prog_gnu_ld=yes
lt_cv_prog_gnu_ldcxx=yes
lt_cv_sharedlib_from_linklib_cmd='printf %s\n'
lt_cv_shlibpath_overrides_runpath=no
lt_cv_sys_global_symbol_pipe='sed -n -e '\''s/^.*[	 ]\([ABCDGIRSTW][ABCDGIRSTW]*\)[	 ][	 ]*\([_A-Za-z][_A-Za-z0-9]*\)$/\1 \2 \2/p'\'' | sed '\''/ __gnu_lto/d'\'''
lt_cv_sys_global_symbol_to_c_name_address='sed -n -e '\''s/^: \([^ ]*\)[ ]*$/  {\"\1\", (void *) 0},/p'\'' -e '\''s/^[ABCDGIRSTW]* \([^ ]*\) \([^ ]*\)$/  {"\2", (void *) \&\2},/p'\'''
lt_cv_sys_global_symbol_to_c_name_address_lib_prefix='sed -n -e '\''s/^: \([^ ]*\)[ ]*$/  {\"\1\", (void *) 0},/p'\'' -e '\''s/^[ABCDGIRSTW]* \([^ ]*\) \(lib[^ ]*\)$/  {"\2", (void *) \&\2},/p'\'' -e '\''s/^[ABCDGIRSTW]* \([^ ]*\) \([^ ]*\)$/  {"lib\2", (void *) \&\2},/p'\'''
lt_cv_sys_global_symbol_to_cdecl='sed -n -e '\''s/^T .* \(.*\)$/extern int \1();/p'\'' -e '\''s/^[ABCDGIRSTW]* .* \(.*\)$/extern char \1;/p'\'''
lt_cv_sys_max_cmd_len=1966080
lt_cv_to_host_file_cmd=func_convert_file_noop
lt_cv_to_tool_file_cmd=func_convert_file_noop

## ----------------- ##
## Output variables. ##
## ----------------- ##

ACLOCAL='${SHELL} /home/dev/git/libtins/missing --run aclocal-1.11'
AMDEPBACKSLASH='\'
AMDEP_FALSE='#'
AMDEP_TRUE=''
AMTAR='${SHELL} /home/dev/git/libtins/missing --run tar'
AR='ar'
AUTOCONF='${SHELL} /home/dev/git/libtins/missing --run autoconf'
AUTOHEADER='${SHELL} /home/dev/git/libtins/missing --run autoheader'
AUTOMAKE='${SHELL} /home/dev/git/libtins/missing --run automake-1.11'
AWK='gawk'
CC='gcc'
CCDEPMODE='depmode=gcc3'
CFLAGS='-g -O2'
CPP='gcc -E'
CPPFLAGS=''
CXX='g++'
CXXCPP='g++ -E'
CXXDEPMODE='depmode=gcc3'
CXXFLAGS='-g -O2'
CYGPATH_W='echo'
DEFS='-DHAVE_CONFIG_H'
DEPDIR='.deps'
DLLTOOL='false'
DSYMUTIL=''
DUMPBIN=''
ECHO_C=''
ECHO_N='-n'
ECHO_T=''
EGREP='/bin/grep -E'
EXEEXT=''
FGREP='/bin/grep -F'
GREP='/bin/grep'
HAVE_CXX11=''
INSTALL_DATA='${INSTALL} -m 644'
INSTALL_PROGRAM='${INSTALL}'
INSTALL_SCRIPT='${INSTALL}'
INSTALL_STRIP_PROGRAM='$(install_sh) -c -s'
LD='/usr/bin/ld'
LDFLAGS=''
LIBOBJS=''
LIBS='-lcrypto -lpcap '
LIBTINS_INCLUDE_DIR='include'
LIBTINS_VERSION='1:3:0'
LIBTOOL='$(SHELL) $(top_builddir)/libtool'
LIPO=''
LN_S='ln -s'
LTLIBOBJS=''
MAINT=''
MAINTAINER_MODE_FALSE='#'
MAINTAINER_MODE_TRUE=''
MAKEINFO='${SHELL} /home/dev/git/libtins/missing --run makeinfo'
MANIFEST_TOOL=':'
MKDIR_P='/bin/mkdir -p'
NM='/usr/bin/nm -B'
NMEDIT=''
OBJDUMP='objdump'
OBJEXT='o'
OTOOL64=''
OTOOL=''
PACKAGE='libtins'
PACKAGE_BUGREPORT='matias.fontanini@gmail.com'
PACKAGE_NAME='libtins'
PACKAGE_STRING='libtins 1.3'
PACKAGE_TARNAME='libtins'
PACKAGE_VERSION='1.3'
PATH_SEPARATOR=':'
RANLIB='ranlib'
SED='/bin/sed'
SET_MAKE=''
SHELL='/bin/sh'
STRIP='strip'
VERSION='1.3'
ac_ct_AR='ar'
ac_ct_CC='gcc'
ac_ct_CXX='g++'
ac_ct_DUMPBIN=''
am__EXEEXT_FALSE=''
am__EXEEXT_TRUE='#'
am__fastdepCC_FALSE='#'
am__fastdepCC_TRUE=''
am__fastdepCXX_FALSE='#'
am__fastdepCXX_TRUE=''
am__include='include'
am__isrc=''
am__leading_dot='.'
am__quote=''
am__tar='${AMTAR} chof - "$$tardir"'
am__untar='${AMTAR} xf -'
bindir='${exec_prefix}/bin'
build='i686-pc-linux-gnu'
build_alias=''
build_cpu='i686'
build_os='linux-gnu'
build_vendor='pc'
datadir='${datarootdir}'
datarootdir='${prefix}/share'
docdir='${datarootdir}/doc/${PACKAGE_TARNAME}'
dvidir='${docdir}'
exec_prefix='${prefix}'
host='i686-pc-linux-gnu'
host_alias=''
host_cpu='i686'
host_os='linux-gnu'
host_vendor='pc'
htmldir='${docdir}'
includedir='${prefix}/include'
infodir='${datarootdir}/info'
install_sh='${SHELL} /home/dev/git/libtins/install-sh'
libdir='${exec_prefix}/lib'
libexecdir='${exec_prefix}/libexec'
localedir='${datarootdir}/locale'
localstatedir='${prefix}/var'
mandir='${datarootdir}/man'
mkdir_p='/bin/mkdir -p'
oldincludedir='/usr/include'
pdfdir='${docdir}'
prefix='/usr/local'
program_transform_name='s,x,x,'
psdir='${docdir}'
sbindir='${exec_prefix}/sbin'
sharedstatedir='${prefix}/com'
sysconfdir='${prefix}/etc'
target='i686-pc-linux-gnu'
target_alias=''
target_cpu='i686'
target_os='linux-gnu'
target_vendor='pc'

## ----------- ##
## confdefs.h. ##
## ----------- ##

#define PACKAGE_NAME "libtins"
#define PACKAGE_TARNAME "libtins"
#define PACKAGE_VERSION "1.3"
#define PACKAGE_STRING "libtins 1.3"
#define PACKAGE_BUGREPORT "matias.fontanini@gmail.com"
#define PACKAGE "libtins"
#define VERSION "1.3"
#define STDC_HEADERS 1
#define HAVE_SYS_TYPES_H 1
#define HAVE_SYS_STAT_H 1
#define HAVE_STDLIB_H 1
#define HAVE_STRING_H 1
#define HAVE_MEMORY_H 1
#define HAVE_STRINGS_H 1
#define HAVE_INTTYPES_H 1
#define HAVE_STDINT_H 1
#define HAVE_UNISTD_H 1
#define HAVE_DLFCN_H 1
#define LT_OBJDIR ".libs/"
#define HAVE_LIBPCAP 1
#define HAVE_PCAP_H 1
#define HAVE_DOT11 1
#define HAVE_OPENSSL_EVP_H 1
#define HAVE_OPENSSL_HMAC_H 1
#define HAVE_OPENSSL_AES_H 1
#define HAVE_LIBCRYPTO 1
#define HAVE_WPA2_DECRYPTION 1

configure: exit 0

## ---------------------- ##
## Running config.status. ##
## ---------------------- ##

This file was extended by libtins config.status 1.3, which was
generated by GNU Autoconf 2.63.  Invocation command line was

  CONFIG_FILES    = 
  CONFIG_HEADERS  = 
  CONFIG_LINKS    = 
  CONFIG_COMMANDS = 
  $ ./config.status 

on localhost.localdomain

config.status:1081: creating Makefile
config.status:1081: creating libtins.pc
config.status:1081: creating include/config.h
config.status:1355: executing depfiles commands
config.status:1355: executing libtool commands

## ---------------------- ##
## Running config.status. ##
## ---------------------- ##

This file was extended by libtins config.status 1.3, which was
generated by GNU Autoconf 2.63.  Invocation command line was

  CONFIG_FILES    = 
  CONFIG_HEADERS  = 
  CONFIG_LINKS    = 
  CONFIG_COMMANDS = 
  $ ./config.status include/config.h

on localhost.localdomain

config.status:1081: creating include/config.h
